INFO 2025-03-04 01:39:12,415 autoreload Watching for file changes with StatReloader
ERROR 2025-03-04 01:39:35,647 log Internal Server Error: /
Traceback (most recent call last):
  File "C:\Users\Voice\visitor_manager\venv\lib\site-packages\django\core\handlers\exception.py", line 55, in inner
    response = get_response(request)
  File "C:\Users\Voice\visitor_manager\venv\lib\site-packages\django\core\handlers\base.py", line 197, in _get_response
    response = wrapped_callback(request, *callback_args, **callback_kwargs)
  File "C:\Users\Voice\visitor_manager\visitors\views.py", line 161, in visitor_form
    return render(request, 'visitors/visitor_form.html', {'form': form})
  File "C:\Users\Voice\visitor_manager\venv\lib\site-packages\django\shortcuts.py", line 25, in render
    content = loader.render_to_string(template_name, context, request, using=using)
  File "C:\Users\Voice\visitor_manager\venv\lib\site-packages\django\template\loader.py", line 62, in render_to_string
    return template.render(context, request)
  File "C:\Users\Voice\visitor_manager\venv\lib\site-packages\django\template\backends\django.py", line 107, in render
    return self.template.render(context)
  File "C:\Users\Voice\visitor_manager\venv\lib\site-packages\django\template\base.py", line 171, in render
    return self._render(context)
  File "C:\Users\Voice\visitor_manager\venv\lib\site-packages\django\template\base.py", line 163, in _render
    return self.nodelist.render(context)
  File "C:\Users\Voice\visitor_manager\venv\lib\site-packages\django\template\base.py", line 1008, in render
    return SafeString("".join([node.render_annotated(context) for node in self]))
  File "C:\Users\Voice\visitor_manager\venv\lib\site-packages\django\template\base.py", line 1008, in <listcomp>
    return SafeString("".join([node.render_annotated(context) for node in self]))
  File "C:\Users\Voice\visitor_manager\venv\lib\site-packages\django\template\base.py", line 969, in render_annotated
    return self.render(context)
  File "C:\Users\Voice\visitor_manager\venv\lib\site-packages\django\template\loader_tags.py", line 159, in render
    return compiled_parent._render(context)
  File "C:\Users\Voice\visitor_manager\venv\lib\site-packages\django\template\base.py", line 163, in _render
    return self.nodelist.render(context)
  File "C:\Users\Voice\visitor_manager\venv\lib\site-packages\django\template\base.py", line 1008, in render
    return SafeString("".join([node.render_annotated(context) for node in self]))
  File "C:\Users\Voice\visitor_manager\venv\lib\site-packages\django\template\base.py", line 1008, in <listcomp>
    return SafeString("".join([node.render_annotated(context) for node in self]))
  File "C:\Users\Voice\visitor_manager\venv\lib\site-packages\django\template\base.py", line 969, in render_annotated
    return self.render(context)
  File "C:\Users\Voice\visitor_manager\venv\lib\site-packages\django\template\defaulttags.py", line 480, in render
    url = reverse(view_name, args=args, kwargs=kwargs, current_app=current_app)
  File "C:\Users\Voice\visitor_manager\venv\lib\site-packages\django\urls\base.py", line 88, in reverse
    return resolver._reverse_with_prefix(view, prefix, *args, **kwargs)
  File "C:\Users\Voice\visitor_manager\venv\lib\site-packages\django\urls\resolvers.py", line 831, in _reverse_with_prefix
    raise NoReverseMatch(msg)
django.urls.exceptions.NoReverseMatch: Reverse for 'visitor_form' not found. 'visitor_form' is not a valid view function or pattern name.
ERROR 2025-03-04 01:39:48,225 log Internal Server Error: /
Traceback (most recent call last):
  File "C:\Users\Voice\visitor_manager\venv\lib\site-packages\django\core\handlers\exception.py", line 55, in inner
    response = get_response(request)
  File "C:\Users\Voice\visitor_manager\venv\lib\site-packages\django\core\handlers\base.py", line 197, in _get_response
    response = wrapped_callback(request, *callback_args, **callback_kwargs)
  File "C:\Users\Voice\visitor_manager\visitors\views.py", line 161, in visitor_form
    return render(request, 'visitors/visitor_form.html', {'form': form})
  File "C:\Users\Voice\visitor_manager\venv\lib\site-packages\django\shortcuts.py", line 25, in render
    content = loader.render_to_string(template_name, context, request, using=using)
  File "C:\Users\Voice\visitor_manager\venv\lib\site-packages\django\template\loader.py", line 62, in render_to_string
    return template.render(context, request)
  File "C:\Users\Voice\visitor_manager\venv\lib\site-packages\django\template\backends\django.py", line 107, in render
    return self.template.render(context)
  File "C:\Users\Voice\visitor_manager\venv\lib\site-packages\django\template\base.py", line 171, in render
    return self._render(context)
  File "C:\Users\Voice\visitor_manager\venv\lib\site-packages\django\template\base.py", line 163, in _render
    return self.nodelist.render(context)
  File "C:\Users\Voice\visitor_manager\venv\lib\site-packages\django\template\base.py", line 1008, in render
    return SafeString("".join([node.render_annotated(context) for node in self]))
  File "C:\Users\Voice\visitor_manager\venv\lib\site-packages\django\template\base.py", line 1008, in <listcomp>
    return SafeString("".join([node.render_annotated(context) for node in self]))
  File "C:\Users\Voice\visitor_manager\venv\lib\site-packages\django\template\base.py", line 969, in render_annotated
    return self.render(context)
  File "C:\Users\Voice\visitor_manager\venv\lib\site-packages\django\template\loader_tags.py", line 159, in render
    return compiled_parent._render(context)
  File "C:\Users\Voice\visitor_manager\venv\lib\site-packages\django\template\base.py", line 163, in _render
    return self.nodelist.render(context)
  File "C:\Users\Voice\visitor_manager\venv\lib\site-packages\django\template\base.py", line 1008, in render
    return SafeString("".join([node.render_annotated(context) for node in self]))
  File "C:\Users\Voice\visitor_manager\venv\lib\site-packages\django\template\base.py", line 1008, in <listcomp>
    return SafeString("".join([node.render_annotated(context) for node in self]))
  File "C:\Users\Voice\visitor_manager\venv\lib\site-packages\django\template\base.py", line 969, in render_annotated
    return self.render(context)
  File "C:\Users\Voice\visitor_manager\venv\lib\site-packages\django\template\defaulttags.py", line 480, in render
    url = reverse(view_name, args=args, kwargs=kwargs, current_app=current_app)
  File "C:\Users\Voice\visitor_manager\venv\lib\site-packages\django\urls\base.py", line 88, in reverse
    return resolver._reverse_with_prefix(view, prefix, *args, **kwargs)
  File "C:\Users\Voice\visitor_manager\venv\lib\site-packages\django\urls\resolvers.py", line 831, in _reverse_with_prefix
    raise NoReverseMatch(msg)
django.urls.exceptions.NoReverseMatch: Reverse for 'visitor_form' not found. 'visitor_form' is not a valid view function or pattern name.
INFO 2025-03-04 01:41:38,846 autoreload C:\Users\Voice\visitor_manager\visitor_manager\urls.py changed, reloading.
INFO 2025-03-04 01:41:39,756 autoreload Watching for file changes with StatReloader
INFO 2025-03-04 01:42:27,523 autoreload C:\Users\Voice\visitor_manager\visitors\urls.py changed, reloading.
INFO 2025-03-04 01:42:28,179 autoreload Watching for file changes with StatReloader
INFO 2025-03-04 01:42:50,479 autoreload C:\Users\Voice\visitor_manager\visitors\urls.py changed, reloading.
INFO 2025-03-04 01:42:51,409 autoreload Watching for file changes with StatReloader
INFO 2025-03-04 01:44:17,027 autoreload C:\Users\Voice\visitor_manager\visitors\views.py changed, reloading.
INFO 2025-03-04 01:44:17,668 autoreload Watching for file changes with StatReloader
INFO 2025-03-04 01:44:17,961 views Firebase Admin SDK initialized successfully.
INFO 2025-03-04 01:44:33,016 autoreload C:\Users\Voice\visitor_manager\visitors\views.py changed, reloading.
INFO 2025-03-04 01:44:33,851 autoreload Watching for file changes with StatReloader
INFO 2025-03-04 01:44:34,202 views Firebase Admin SDK initialized successfully.
INFO 2025-03-04 01:48:15,844 autoreload Watching for file changes with StatReloader
INFO 2025-03-04 01:48:16,089 views Firebase Admin SDK initialized successfully.
INFO 2025-03-04 01:49:32,702 autoreload C:\Users\Voice\visitor_manager\visitors\views.py changed, reloading.
INFO 2025-03-04 01:49:33,441 autoreload Watching for file changes with StatReloader
INFO 2025-03-04 01:49:33,741 views Firebase Admin SDK initialized successfully.
INFO 2025-03-04 01:51:44,537 autoreload C:\Users\Voice\visitor_manager\visitor_manager\settings.py changed, reloading.
INFO 2025-03-04 02:59:47,326 autoreload Watching for file changes with StatReloader
INFO 2025-03-04 02:59:47,995 views Firebase Admin SDK initialized successfully.
ERROR 2025-03-04 03:00:51,390 log Internal Server Error: /accounts/login/
Traceback (most recent call last):
  File "C:\Users\Voice\visitor_manager\venv\Lib\site-packages\django\core\handlers\exception.py", line 55, in inner
    response = get_response(request)
               ^^^^^^^^^^^^^^^^^^^^^
  File "C:\Users\Voice\visitor_manager\venv\Lib\site-packages\django\core\handlers\base.py", line 220, in _get_response
    response = response.render()
               ^^^^^^^^^^^^^^^^^
  File "C:\Users\Voice\visitor_manager\venv\Lib\site-packages\django\template\response.py", line 114, in render
    self.content = self.rendered_content
                   ^^^^^^^^^^^^^^^^^^^^^
  File "C:\Users\Voice\visitor_manager\venv\Lib\site-packages\django\template\response.py", line 90, in rendered_content
    template = self.resolve_template(self.template_name)
               ^^^^^^^^^^^^^^^^^^^^^^^^^^^^^^^^^^^^^^^^^
  File "C:\Users\Voice\visitor_manager\venv\Lib\site-packages\django\template\response.py", line 72, in resolve_template
    return select_template(template, using=self.using)
           ^^^^^^^^^^^^^^^^^^^^^^^^^^^^^^^^^^^^^^^^^^^
  File "C:\Users\Voice\visitor_manager\venv\Lib\site-packages\django\template\loader.py", line 47, in select_template
    raise TemplateDoesNotExist(", ".join(template_name_list), chain=chain)
django.template.exceptions.TemplateDoesNotExist: visitors/login.html
ERROR 2025-03-04 03:01:32,864 log Internal Server Error: /accounts/login/
Traceback (most recent call last):
  File "C:\Users\Voice\visitor_manager\venv\Lib\site-packages\django\core\handlers\exception.py", line 55, in inner
    response = get_response(request)
               ^^^^^^^^^^^^^^^^^^^^^
  File "C:\Users\Voice\visitor_manager\venv\Lib\site-packages\django\core\handlers\base.py", line 220, in _get_response
    response = response.render()
               ^^^^^^^^^^^^^^^^^
  File "C:\Users\Voice\visitor_manager\venv\Lib\site-packages\django\template\response.py", line 114, in render
    self.content = self.rendered_content
                   ^^^^^^^^^^^^^^^^^^^^^
  File "C:\Users\Voice\visitor_manager\venv\Lib\site-packages\django\template\response.py", line 90, in rendered_content
    template = self.resolve_template(self.template_name)
               ^^^^^^^^^^^^^^^^^^^^^^^^^^^^^^^^^^^^^^^^^
  File "C:\Users\Voice\visitor_manager\venv\Lib\site-packages\django\template\response.py", line 72, in resolve_template
    return select_template(template, using=self.using)
           ^^^^^^^^^^^^^^^^^^^^^^^^^^^^^^^^^^^^^^^^^^^
  File "C:\Users\Voice\visitor_manager\venv\Lib\site-packages\django\template\loader.py", line 47, in select_template
    raise TemplateDoesNotExist(", ".join(template_name_list), chain=chain)
django.template.exceptions.TemplateDoesNotExist: visitors/login.html
INFO 2025-03-04 10:05:30,220 autoreload Watching for file changes with StatReloader
INFO 2025-03-04 10:05:30,961 views Firebase Admin SDK initialized successfully.
INFO 2025-03-04 10:06:45,379 autoreload C:\Users\Voice\visitor_manager\visitor_manager\urls.py changed, reloading.
INFO 2025-03-04 10:06:46,024 autoreload Watching for file changes with StatReloader
INFO 2025-03-04 10:06:46,536 views Firebase Admin SDK initialized successfully.
INFO 2025-03-04 10:07:09,726 autoreload C:\Users\Voice\visitor_manager\visitor_manager\settings.py changed, reloading.
INFO 2025-03-04 10:07:10,462 autoreload Watching for file changes with StatReloader
INFO 2025-03-04 10:07:10,899 views Firebase Admin SDK initialized successfully.
INFO 2025-03-04 10:07:35,710 views Firebase Admin SDK initialized successfully.
INFO 2025-03-04 10:07:53,364 autoreload Watching for file changes with StatReloader
INFO 2025-03-04 10:07:53,811 views Firebase Admin SDK initialized successfully.
ERROR 2025-03-04 10:11:46,517 log Internal Server Error: /visitor-form/
Traceback (most recent call last):
  File "C:\Users\Voice\visitor_manager\venv\Lib\site-packages\django\core\handlers\exception.py", line 55, in inner
    response = get_response(request)
               ^^^^^^^^^^^^^^^^^^^^^
  File "C:\Users\Voice\visitor_manager\venv\Lib\site-packages\django\core\handlers\base.py", line 197, in _get_response
    response = wrapped_callback(request, *callback_args, **callback_kwargs)
               ^^^^^^^^^^^^^^^^^^^^^^^^^^^^^^^^^^^^^^^^^^^^^^^^^^^^^^^^^^^^
  File "C:\Users\Voice\visitor_manager\visitors\views.py", line 95, in visitor_form
    if request.is_ajax():
       ^^^^^^^^^^^^^^^
AttributeError: 'WSGIRequest' object has no attribute 'is_ajax'
ERROR 2025-03-04 10:11:59,363 log Internal Server Error: /visitor-form/
Traceback (most recent call last):
  File "C:\Users\Voice\visitor_manager\venv\Lib\site-packages\django\core\handlers\exception.py", line 55, in inner
    response = get_response(request)
               ^^^^^^^^^^^^^^^^^^^^^
  File "C:\Users\Voice\visitor_manager\venv\Lib\site-packages\django\core\handlers\base.py", line 197, in _get_response
    response = wrapped_callback(request, *callback_args, **callback_kwargs)
               ^^^^^^^^^^^^^^^^^^^^^^^^^^^^^^^^^^^^^^^^^^^^^^^^^^^^^^^^^^^^
  File "C:\Users\Voice\visitor_manager\visitors\views.py", line 95, in visitor_form
    if request.is_ajax():
       ^^^^^^^^^^^^^^^
AttributeError: 'WSGIRequest' object has no attribute 'is_ajax'
INFO 2025-03-04 10:21:22,058 autoreload Watching for file changes with StatReloader
INFO 2025-03-04 10:21:22,612 views Firebase Admin SDK initialized successfully.
INFO 2025-03-04 10:23:50,150 views Visitor Jovanny Oscar saved to the database.
ERROR 2025-03-04 10:23:50,150 views Error processing visitor form: 'Visitor' object has no attribute 'first_name'
INFO 2025-03-04 10:24:01,300 views Visitor Jovanny Oscar saved to the database.
ERROR 2025-03-04 10:24:01,300 views Error processing visitor form: 'Visitor' object has no attribute 'first_name'
INFO 2025-03-04 11:24:21,778 autoreload Watching for file changes with StatReloader
INFO 2025-03-04 11:24:22,217 views Firebase Admin SDK initialized successfully.
INFO 2025-03-04 12:03:39,463 views Visitor Jovvany Avril saved to the database.
ERROR 2025-03-04 12:03:39,463 views Error processing visitor form: 'Visitor' object has no attribute 'address_line_1'
INFO 2025-03-04 12:37:19,604 views Firebase Admin SDK initialized successfully.
INFO 2025-03-04 12:38:46,547 views Firebase Admin SDK initialized successfully.
INFO 2025-03-04 12:40:57,468 autoreload Watching for file changes with StatReloader
INFO 2025-03-04 12:40:58,020 views Firebase Admin SDK initialized successfully.
ERROR 2025-03-04 12:53:33,249 log Internal Server Error: /visitor-form/
Traceback (most recent call last):
  File "C:\Users\Voice\visitor_manager\venv\Lib\site-packages\django\core\handlers\exception.py", line 55, in inner
    response = get_response(request)
               ^^^^^^^^^^^^^^^^^^^^^
  File "C:\Users\Voice\visitor_manager\venv\Lib\site-packages\django\core\handlers\base.py", line 197, in _get_response
    response = wrapped_callback(request, *callback_args, **callback_kwargs)
               ^^^^^^^^^^^^^^^^^^^^^^^^^^^^^^^^^^^^^^^^^^^^^^^^^^^^^^^^^^^^
  File "C:\Users\Voice\visitor_manager\visitors\views.py", line 157, in visitor_form
    return render(request, 'visitors/visitor_form.html', {'form': form})
           ^^^^^^^^^^^^^^^^^^^^^^^^^^^^^^^^^^^^^^^^^^^^^^^^^^^^^^^^^^^^^
  File "C:\Users\Voice\visitor_manager\venv\Lib\site-packages\django\shortcuts.py", line 25, in render
    content = loader.render_to_string(template_name, context, request, using=using)
              ^^^^^^^^^^^^^^^^^^^^^^^^^^^^^^^^^^^^^^^^^^^^^^^^^^^^^^^^^^^^^^^^^^^^^
  File "C:\Users\Voice\visitor_manager\venv\Lib\site-packages\django\template\loader.py", line 62, in render_to_string
    return template.render(context, request)
           ^^^^^^^^^^^^^^^^^^^^^^^^^^^^^^^^^
  File "C:\Users\Voice\visitor_manager\venv\Lib\site-packages\django\template\backends\django.py", line 107, in render
    return self.template.render(context)
           ^^^^^^^^^^^^^^^^^^^^^^^^^^^^^
  File "C:\Users\Voice\visitor_manager\venv\Lib\site-packages\django\template\base.py", line 171, in render
    return self._render(context)
           ^^^^^^^^^^^^^^^^^^^^^
  File "C:\Users\Voice\visitor_manager\venv\Lib\site-packages\django\template\base.py", line 163, in _render
    return self.nodelist.render(context)
           ^^^^^^^^^^^^^^^^^^^^^^^^^^^^^
  File "C:\Users\Voice\visitor_manager\venv\Lib\site-packages\django\template\base.py", line 1008, in render
    return SafeString("".join([node.render_annotated(context) for node in self]))
                              ^^^^^^^^^^^^^^^^^^^^^^^^^^^^^^^^^^^^^^^^^^^^^^^^^
  File "C:\Users\Voice\visitor_manager\venv\Lib\site-packages\django\template\base.py", line 1008, in <listcomp>
    return SafeString("".join([node.render_annotated(context) for node in self]))
                               ^^^^^^^^^^^^^^^^^^^^^^^^^^^^^^
  File "C:\Users\Voice\visitor_manager\venv\Lib\site-packages\django\template\base.py", line 969, in render_annotated
    return self.render(context)
           ^^^^^^^^^^^^^^^^^^^^
  File "C:\Users\Voice\visitor_manager\venv\Lib\site-packages\django\template\loader_tags.py", line 159, in render
    return compiled_parent._render(context)
           ^^^^^^^^^^^^^^^^^^^^^^^^^^^^^^^^
  File "C:\Users\Voice\visitor_manager\venv\Lib\site-packages\django\template\base.py", line 163, in _render
    return self.nodelist.render(context)
           ^^^^^^^^^^^^^^^^^^^^^^^^^^^^^
  File "C:\Users\Voice\visitor_manager\venv\Lib\site-packages\django\template\base.py", line 1008, in render
    return SafeString("".join([node.render_annotated(context) for node in self]))
                              ^^^^^^^^^^^^^^^^^^^^^^^^^^^^^^^^^^^^^^^^^^^^^^^^^
  File "C:\Users\Voice\visitor_manager\venv\Lib\site-packages\django\template\base.py", line 1008, in <listcomp>
    return SafeString("".join([node.render_annotated(context) for node in self]))
                               ^^^^^^^^^^^^^^^^^^^^^^^^^^^^^^
  File "C:\Users\Voice\visitor_manager\venv\Lib\site-packages\django\template\base.py", line 969, in render_annotated
    return self.render(context)
           ^^^^^^^^^^^^^^^^^^^^
  File "C:\Users\Voice\visitor_manager\venv\Lib\site-packages\django\template\loader_tags.py", line 65, in render
    result = block.nodelist.render(context)
             ^^^^^^^^^^^^^^^^^^^^^^^^^^^^^^
  File "C:\Users\Voice\visitor_manager\venv\Lib\site-packages\django\template\base.py", line 1008, in render
    return SafeString("".join([node.render_annotated(context) for node in self]))
                              ^^^^^^^^^^^^^^^^^^^^^^^^^^^^^^^^^^^^^^^^^^^^^^^^^
  File "C:\Users\Voice\visitor_manager\venv\Lib\site-packages\django\template\base.py", line 1008, in <listcomp>
    return SafeString("".join([node.render_annotated(context) for node in self]))
                               ^^^^^^^^^^^^^^^^^^^^^^^^^^^^^^
  File "C:\Users\Voice\visitor_manager\venv\Lib\site-packages\django\template\base.py", line 969, in render_annotated
    return self.render(context)
           ^^^^^^^^^^^^^^^^^^^^
  File "C:\Users\Voice\visitor_manager\venv\Lib\site-packages\django\template\base.py", line 1067, in render
    output = self.filter_expression.resolve(context)
             ^^^^^^^^^^^^^^^^^^^^^^^^^^^^^^^^^^^^^^^
  File "C:\Users\Voice\visitor_manager\venv\Lib\site-packages\django\template\base.py", line 745, in resolve
    new_obj = func(obj, *arg_vals)
              ^^^^^^^^^^^^^^^^^^^^
  File "C:\Users\Voice\visitor_manager\venv\Lib\site-packages\crispy_forms\templatetags\crispy_forms_filters.py", line 99, in as_crispy_field
    raise CrispyError("|as_crispy_field got passed an invalid or inexistent field")
crispy_forms.exceptions.CrispyError: |as_crispy_field got passed an invalid or inexistent field
ERROR 2025-03-04 12:53:40,935 log Internal Server Error: /visitor-form/
Traceback (most recent call last):
  File "C:\Users\Voice\visitor_manager\venv\Lib\site-packages\django\core\handlers\exception.py", line 55, in inner
    response = get_response(request)
               ^^^^^^^^^^^^^^^^^^^^^
  File "C:\Users\Voice\visitor_manager\venv\Lib\site-packages\django\core\handlers\base.py", line 197, in _get_response
    response = wrapped_callback(request, *callback_args, **callback_kwargs)
               ^^^^^^^^^^^^^^^^^^^^^^^^^^^^^^^^^^^^^^^^^^^^^^^^^^^^^^^^^^^^
  File "C:\Users\Voice\visitor_manager\visitors\views.py", line 157, in visitor_form
    return render(request, 'visitors/visitor_form.html', {'form': form})
           ^^^^^^^^^^^^^^^^^^^^^^^^^^^^^^^^^^^^^^^^^^^^^^^^^^^^^^^^^^^^^
  File "C:\Users\Voice\visitor_manager\venv\Lib\site-packages\django\shortcuts.py", line 25, in render
    content = loader.render_to_string(template_name, context, request, using=using)
              ^^^^^^^^^^^^^^^^^^^^^^^^^^^^^^^^^^^^^^^^^^^^^^^^^^^^^^^^^^^^^^^^^^^^^
  File "C:\Users\Voice\visitor_manager\venv\Lib\site-packages\django\template\loader.py", line 62, in render_to_string
    return template.render(context, request)
           ^^^^^^^^^^^^^^^^^^^^^^^^^^^^^^^^^
  File "C:\Users\Voice\visitor_manager\venv\Lib\site-packages\django\template\backends\django.py", line 107, in render
    return self.template.render(context)
           ^^^^^^^^^^^^^^^^^^^^^^^^^^^^^
  File "C:\Users\Voice\visitor_manager\venv\Lib\site-packages\django\template\base.py", line 171, in render
    return self._render(context)
           ^^^^^^^^^^^^^^^^^^^^^
  File "C:\Users\Voice\visitor_manager\venv\Lib\site-packages\django\template\base.py", line 163, in _render
    return self.nodelist.render(context)
           ^^^^^^^^^^^^^^^^^^^^^^^^^^^^^
  File "C:\Users\Voice\visitor_manager\venv\Lib\site-packages\django\template\base.py", line 1008, in render
    return SafeString("".join([node.render_annotated(context) for node in self]))
                              ^^^^^^^^^^^^^^^^^^^^^^^^^^^^^^^^^^^^^^^^^^^^^^^^^
  File "C:\Users\Voice\visitor_manager\venv\Lib\site-packages\django\template\base.py", line 1008, in <listcomp>
    return SafeString("".join([node.render_annotated(context) for node in self]))
                               ^^^^^^^^^^^^^^^^^^^^^^^^^^^^^^
  File "C:\Users\Voice\visitor_manager\venv\Lib\site-packages\django\template\base.py", line 969, in render_annotated
    return self.render(context)
           ^^^^^^^^^^^^^^^^^^^^
  File "C:\Users\Voice\visitor_manager\venv\Lib\site-packages\django\template\loader_tags.py", line 159, in render
    return compiled_parent._render(context)
           ^^^^^^^^^^^^^^^^^^^^^^^^^^^^^^^^
  File "C:\Users\Voice\visitor_manager\venv\Lib\site-packages\django\template\base.py", line 163, in _render
    return self.nodelist.render(context)
           ^^^^^^^^^^^^^^^^^^^^^^^^^^^^^
  File "C:\Users\Voice\visitor_manager\venv\Lib\site-packages\django\template\base.py", line 1008, in render
    return SafeString("".join([node.render_annotated(context) for node in self]))
                              ^^^^^^^^^^^^^^^^^^^^^^^^^^^^^^^^^^^^^^^^^^^^^^^^^
  File "C:\Users\Voice\visitor_manager\venv\Lib\site-packages\django\template\base.py", line 1008, in <listcomp>
    return SafeString("".join([node.render_annotated(context) for node in self]))
                               ^^^^^^^^^^^^^^^^^^^^^^^^^^^^^^
  File "C:\Users\Voice\visitor_manager\venv\Lib\site-packages\django\template\base.py", line 969, in render_annotated
    return self.render(context)
           ^^^^^^^^^^^^^^^^^^^^
  File "C:\Users\Voice\visitor_manager\venv\Lib\site-packages\django\template\loader_tags.py", line 65, in render
    result = block.nodelist.render(context)
             ^^^^^^^^^^^^^^^^^^^^^^^^^^^^^^
  File "C:\Users\Voice\visitor_manager\venv\Lib\site-packages\django\template\base.py", line 1008, in render
    return SafeString("".join([node.render_annotated(context) for node in self]))
                              ^^^^^^^^^^^^^^^^^^^^^^^^^^^^^^^^^^^^^^^^^^^^^^^^^
  File "C:\Users\Voice\visitor_manager\venv\Lib\site-packages\django\template\base.py", line 1008, in <listcomp>
    return SafeString("".join([node.render_annotated(context) for node in self]))
                               ^^^^^^^^^^^^^^^^^^^^^^^^^^^^^^
  File "C:\Users\Voice\visitor_manager\venv\Lib\site-packages\django\template\base.py", line 969, in render_annotated
    return self.render(context)
           ^^^^^^^^^^^^^^^^^^^^
  File "C:\Users\Voice\visitor_manager\venv\Lib\site-packages\django\template\base.py", line 1067, in render
    output = self.filter_expression.resolve(context)
             ^^^^^^^^^^^^^^^^^^^^^^^^^^^^^^^^^^^^^^^
  File "C:\Users\Voice\visitor_manager\venv\Lib\site-packages\django\template\base.py", line 745, in resolve
    new_obj = func(obj, *arg_vals)
              ^^^^^^^^^^^^^^^^^^^^
  File "C:\Users\Voice\visitor_manager\venv\Lib\site-packages\crispy_forms\templatetags\crispy_forms_filters.py", line 99, in as_crispy_field
    raise CrispyError("|as_crispy_field got passed an invalid or inexistent field")
crispy_forms.exceptions.CrispyError: |as_crispy_field got passed an invalid or inexistent field
ERROR 2025-03-04 12:54:30,340 log Internal Server Error: /visitor-form/
Traceback (most recent call last):
  File "C:\Users\Voice\visitor_manager\venv\Lib\site-packages\django\core\handlers\exception.py", line 55, in inner
    response = get_response(request)
               ^^^^^^^^^^^^^^^^^^^^^
  File "C:\Users\Voice\visitor_manager\venv\Lib\site-packages\django\core\handlers\base.py", line 197, in _get_response
    response = wrapped_callback(request, *callback_args, **callback_kwargs)
               ^^^^^^^^^^^^^^^^^^^^^^^^^^^^^^^^^^^^^^^^^^^^^^^^^^^^^^^^^^^^
  File "C:\Users\Voice\visitor_manager\visitors\views.py", line 157, in visitor_form
    return render(request, 'visitors/visitor_form.html', {'form': form})
           ^^^^^^^^^^^^^^^^^^^^^^^^^^^^^^^^^^^^^^^^^^^^^^^^^^^^^^^^^^^^^
  File "C:\Users\Voice\visitor_manager\venv\Lib\site-packages\django\shortcuts.py", line 25, in render
    content = loader.render_to_string(template_name, context, request, using=using)
              ^^^^^^^^^^^^^^^^^^^^^^^^^^^^^^^^^^^^^^^^^^^^^^^^^^^^^^^^^^^^^^^^^^^^^
  File "C:\Users\Voice\visitor_manager\venv\Lib\site-packages\django\template\loader.py", line 62, in render_to_string
    return template.render(context, request)
           ^^^^^^^^^^^^^^^^^^^^^^^^^^^^^^^^^
  File "C:\Users\Voice\visitor_manager\venv\Lib\site-packages\django\template\backends\django.py", line 107, in render
    return self.template.render(context)
           ^^^^^^^^^^^^^^^^^^^^^^^^^^^^^
  File "C:\Users\Voice\visitor_manager\venv\Lib\site-packages\django\template\base.py", line 171, in render
    return self._render(context)
           ^^^^^^^^^^^^^^^^^^^^^
  File "C:\Users\Voice\visitor_manager\venv\Lib\site-packages\django\template\base.py", line 163, in _render
    return self.nodelist.render(context)
           ^^^^^^^^^^^^^^^^^^^^^^^^^^^^^
  File "C:\Users\Voice\visitor_manager\venv\Lib\site-packages\django\template\base.py", line 1008, in render
    return SafeString("".join([node.render_annotated(context) for node in self]))
                              ^^^^^^^^^^^^^^^^^^^^^^^^^^^^^^^^^^^^^^^^^^^^^^^^^
  File "C:\Users\Voice\visitor_manager\venv\Lib\site-packages\django\template\base.py", line 1008, in <listcomp>
    return SafeString("".join([node.render_annotated(context) for node in self]))
                               ^^^^^^^^^^^^^^^^^^^^^^^^^^^^^^
  File "C:\Users\Voice\visitor_manager\venv\Lib\site-packages\django\template\base.py", line 969, in render_annotated
    return self.render(context)
           ^^^^^^^^^^^^^^^^^^^^
  File "C:\Users\Voice\visitor_manager\venv\Lib\site-packages\django\template\loader_tags.py", line 159, in render
    return compiled_parent._render(context)
           ^^^^^^^^^^^^^^^^^^^^^^^^^^^^^^^^
  File "C:\Users\Voice\visitor_manager\venv\Lib\site-packages\django\template\base.py", line 163, in _render
    return self.nodelist.render(context)
           ^^^^^^^^^^^^^^^^^^^^^^^^^^^^^
  File "C:\Users\Voice\visitor_manager\venv\Lib\site-packages\django\template\base.py", line 1008, in render
    return SafeString("".join([node.render_annotated(context) for node in self]))
                              ^^^^^^^^^^^^^^^^^^^^^^^^^^^^^^^^^^^^^^^^^^^^^^^^^
  File "C:\Users\Voice\visitor_manager\venv\Lib\site-packages\django\template\base.py", line 1008, in <listcomp>
    return SafeString("".join([node.render_annotated(context) for node in self]))
                               ^^^^^^^^^^^^^^^^^^^^^^^^^^^^^^
  File "C:\Users\Voice\visitor_manager\venv\Lib\site-packages\django\template\base.py", line 969, in render_annotated
    return self.render(context)
           ^^^^^^^^^^^^^^^^^^^^
  File "C:\Users\Voice\visitor_manager\venv\Lib\site-packages\django\template\loader_tags.py", line 65, in render
    result = block.nodelist.render(context)
             ^^^^^^^^^^^^^^^^^^^^^^^^^^^^^^
  File "C:\Users\Voice\visitor_manager\venv\Lib\site-packages\django\template\base.py", line 1008, in render
    return SafeString("".join([node.render_annotated(context) for node in self]))
                              ^^^^^^^^^^^^^^^^^^^^^^^^^^^^^^^^^^^^^^^^^^^^^^^^^
  File "C:\Users\Voice\visitor_manager\venv\Lib\site-packages\django\template\base.py", line 1008, in <listcomp>
    return SafeString("".join([node.render_annotated(context) for node in self]))
                               ^^^^^^^^^^^^^^^^^^^^^^^^^^^^^^
  File "C:\Users\Voice\visitor_manager\venv\Lib\site-packages\django\template\base.py", line 969, in render_annotated
    return self.render(context)
           ^^^^^^^^^^^^^^^^^^^^
  File "C:\Users\Voice\visitor_manager\venv\Lib\site-packages\django\template\base.py", line 1067, in render
    output = self.filter_expression.resolve(context)
             ^^^^^^^^^^^^^^^^^^^^^^^^^^^^^^^^^^^^^^^
  File "C:\Users\Voice\visitor_manager\venv\Lib\site-packages\django\template\base.py", line 745, in resolve
    new_obj = func(obj, *arg_vals)
              ^^^^^^^^^^^^^^^^^^^^
  File "C:\Users\Voice\visitor_manager\venv\Lib\site-packages\crispy_forms\templatetags\crispy_forms_filters.py", line 99, in as_crispy_field
    raise CrispyError("|as_crispy_field got passed an invalid or inexistent field")
crispy_forms.exceptions.CrispyError: |as_crispy_field got passed an invalid or inexistent field
INFO 2025-03-04 13:03:11,400 views Firebase Admin SDK initialized successfully.
INFO 2025-03-04 13:03:30,253 views Firebase Admin SDK initialized successfully.
INFO 2025-03-04 13:07:06,738 views Firebase Admin SDK initialized successfully.
INFO 2025-03-04 13:07:10,348 views Firebase Admin SDK initialized successfully.
INFO 2025-03-04 13:39:49,388 views Firebase Admin SDK initialized successfully.
INFO 2025-03-04 13:40:13,383 autoreload Watching for file changes with StatReloader
INFO 2025-03-04 13:40:13,853 views Firebase Admin SDK initialized successfully.
INFO 2025-03-04 13:41:27,208 views Visitor Edwige Achile saved to the database.
INFO 2025-03-04 13:41:27,840 utils ✅ Notification email sent to visit@sarasotagospeltemple.com
INFO 2025-03-04 13:41:28,470 utils ✅ Visitor +13332565448 added to Clearstream!
INFO 2025-03-04 13:41:28,809 utils ✅ Follow-up SMS sent to +13332565448 and is now queued!
INFO 2025-03-04 13:57:57,992 autoreload Watching for file changes with StatReloader
INFO 2025-03-04 13:57:58,497 views Firebase Admin SDK initialized successfully.
INFO 2025-03-04 14:03:38,780 autoreload Watching for file changes with StatReloader
INFO 2025-03-04 14:20:49,872 autoreload Watching for file changes with StatReloader
INFO 2025-03-04 14:21:53,206 autoreload C:\Users\Voice\visitor_manager\visitor_manager\urls.py changed, reloading.
INFO 2025-03-04 14:21:53,853 autoreload Watching for file changes with StatReloader
INFO 2025-03-04 14:21:54,403 views Firebase Admin SDK initialized successfully.
ERROR 2025-03-04 14:24:18,900 log Internal Server Error: /accounts/login/
Traceback (most recent call last):
  File "C:\Users\Voice\visitor_manager\venv\Lib\site-packages\django\core\handlers\exception.py", line 55, in inner
    response = get_response(request)
               ^^^^^^^^^^^^^^^^^^^^^
  File "C:\Users\Voice\visitor_manager\venv\Lib\site-packages\django\core\handlers\base.py", line 220, in _get_response
    response = response.render()
               ^^^^^^^^^^^^^^^^^
  File "C:\Users\Voice\visitor_manager\venv\Lib\site-packages\django\template\response.py", line 114, in render
    self.content = self.rendered_content
                   ^^^^^^^^^^^^^^^^^^^^^
  File "C:\Users\Voice\visitor_manager\venv\Lib\site-packages\django\template\response.py", line 92, in rendered_content
    return template.render(context, self._request)
           ^^^^^^^^^^^^^^^^^^^^^^^^^^^^^^^^^^^^^^^
  File "C:\Users\Voice\visitor_manager\venv\Lib\site-packages\django\template\backends\django.py", line 107, in render
    return self.template.render(context)
           ^^^^^^^^^^^^^^^^^^^^^^^^^^^^^
  File "C:\Users\Voice\visitor_manager\venv\Lib\site-packages\django\template\base.py", line 171, in render
    return self._render(context)
           ^^^^^^^^^^^^^^^^^^^^^
  File "C:\Users\Voice\visitor_manager\venv\Lib\site-packages\django\template\base.py", line 163, in _render
    return self.nodelist.render(context)
           ^^^^^^^^^^^^^^^^^^^^^^^^^^^^^
  File "C:\Users\Voice\visitor_manager\venv\Lib\site-packages\django\template\base.py", line 1008, in render
    return SafeString("".join([node.render_annotated(context) for node in self]))
                              ^^^^^^^^^^^^^^^^^^^^^^^^^^^^^^^^^^^^^^^^^^^^^^^^^
  File "C:\Users\Voice\visitor_manager\venv\Lib\site-packages\django\template\base.py", line 1008, in <listcomp>
    return SafeString("".join([node.render_annotated(context) for node in self]))
                               ^^^^^^^^^^^^^^^^^^^^^^^^^^^^^^
  File "C:\Users\Voice\visitor_manager\venv\Lib\site-packages\django\template\base.py", line 969, in render_annotated
    return self.render(context)
           ^^^^^^^^^^^^^^^^^^^^
  File "C:\Users\Voice\visitor_manager\venv\Lib\site-packages\django\template\loader_tags.py", line 159, in render
    return compiled_parent._render(context)
           ^^^^^^^^^^^^^^^^^^^^^^^^^^^^^^^^
  File "C:\Users\Voice\visitor_manager\venv\Lib\site-packages\django\template\base.py", line 163, in _render
    return self.nodelist.render(context)
           ^^^^^^^^^^^^^^^^^^^^^^^^^^^^^
  File "C:\Users\Voice\visitor_manager\venv\Lib\site-packages\django\template\base.py", line 1008, in render
    return SafeString("".join([node.render_annotated(context) for node in self]))
                              ^^^^^^^^^^^^^^^^^^^^^^^^^^^^^^^^^^^^^^^^^^^^^^^^^
  File "C:\Users\Voice\visitor_manager\venv\Lib\site-packages\django\template\base.py", line 1008, in <listcomp>
    return SafeString("".join([node.render_annotated(context) for node in self]))
                               ^^^^^^^^^^^^^^^^^^^^^^^^^^^^^^
  File "C:\Users\Voice\visitor_manager\venv\Lib\site-packages\django\template\base.py", line 969, in render_annotated
    return self.render(context)
           ^^^^^^^^^^^^^^^^^^^^
  File "C:\Users\Voice\visitor_manager\venv\Lib\site-packages\django\template\loader_tags.py", line 65, in render
    result = block.nodelist.render(context)
             ^^^^^^^^^^^^^^^^^^^^^^^^^^^^^^
  File "C:\Users\Voice\visitor_manager\venv\Lib\site-packages\django\template\base.py", line 1008, in render
    return SafeString("".join([node.render_annotated(context) for node in self]))
                              ^^^^^^^^^^^^^^^^^^^^^^^^^^^^^^^^^^^^^^^^^^^^^^^^^
  File "C:\Users\Voice\visitor_manager\venv\Lib\site-packages\django\template\base.py", line 1008, in <listcomp>
    return SafeString("".join([node.render_annotated(context) for node in self]))
                               ^^^^^^^^^^^^^^^^^^^^^^^^^^^^^^
  File "C:\Users\Voice\visitor_manager\venv\Lib\site-packages\django\template\base.py", line 969, in render_annotated
    return self.render(context)
           ^^^^^^^^^^^^^^^^^^^^
  File "C:\Users\Voice\visitor_manager\venv\Lib\site-packages\django\template\defaulttags.py", line 480, in render
    url = reverse(view_name, args=args, kwargs=kwargs, current_app=current_app)
          ^^^^^^^^^^^^^^^^^^^^^^^^^^^^^^^^^^^^^^^^^^^^^^^^^^^^^^^^^^^^^^^^^^^^^
  File "C:\Users\Voice\visitor_manager\venv\Lib\site-packages\django\urls\base.py", line 88, in reverse
    return resolver._reverse_with_prefix(view, prefix, *args, **kwargs)
           ^^^^^^^^^^^^^^^^^^^^^^^^^^^^^^^^^^^^^^^^^^^^^^^^^^^^^^^^^^^^
  File "C:\Users\Voice\visitor_manager\venv\Lib\site-packages\django\urls\resolvers.py", line 831, in _reverse_with_prefix
    raise NoReverseMatch(msg)
django.urls.exceptions.NoReverseMatch: Reverse for 'password_reset' not found. 'password_reset' is not a valid view function or pattern name.
ERROR 2025-03-04 14:24:47,604 log Internal Server Error: /accounts/login/
Traceback (most recent call last):
  File "C:\Users\Voice\visitor_manager\venv\Lib\site-packages\django\core\handlers\exception.py", line 55, in inner
    response = get_response(request)
               ^^^^^^^^^^^^^^^^^^^^^
  File "C:\Users\Voice\visitor_manager\venv\Lib\site-packages\django\core\handlers\base.py", line 220, in _get_response
    response = response.render()
               ^^^^^^^^^^^^^^^^^
  File "C:\Users\Voice\visitor_manager\venv\Lib\site-packages\django\template\response.py", line 114, in render
    self.content = self.rendered_content
                   ^^^^^^^^^^^^^^^^^^^^^
  File "C:\Users\Voice\visitor_manager\venv\Lib\site-packages\django\template\response.py", line 92, in rendered_content
    return template.render(context, self._request)
           ^^^^^^^^^^^^^^^^^^^^^^^^^^^^^^^^^^^^^^^
  File "C:\Users\Voice\visitor_manager\venv\Lib\site-packages\django\template\backends\django.py", line 107, in render
    return self.template.render(context)
           ^^^^^^^^^^^^^^^^^^^^^^^^^^^^^
  File "C:\Users\Voice\visitor_manager\venv\Lib\site-packages\django\template\base.py", line 171, in render
    return self._render(context)
           ^^^^^^^^^^^^^^^^^^^^^
  File "C:\Users\Voice\visitor_manager\venv\Lib\site-packages\django\template\base.py", line 163, in _render
    return self.nodelist.render(context)
           ^^^^^^^^^^^^^^^^^^^^^^^^^^^^^
  File "C:\Users\Voice\visitor_manager\venv\Lib\site-packages\django\template\base.py", line 1008, in render
    return SafeString("".join([node.render_annotated(context) for node in self]))
                              ^^^^^^^^^^^^^^^^^^^^^^^^^^^^^^^^^^^^^^^^^^^^^^^^^
  File "C:\Users\Voice\visitor_manager\venv\Lib\site-packages\django\template\base.py", line 1008, in <listcomp>
    return SafeString("".join([node.render_annotated(context) for node in self]))
                               ^^^^^^^^^^^^^^^^^^^^^^^^^^^^^^
  File "C:\Users\Voice\visitor_manager\venv\Lib\site-packages\django\template\base.py", line 969, in render_annotated
    return self.render(context)
           ^^^^^^^^^^^^^^^^^^^^
  File "C:\Users\Voice\visitor_manager\venv\Lib\site-packages\django\template\loader_tags.py", line 159, in render
    return compiled_parent._render(context)
           ^^^^^^^^^^^^^^^^^^^^^^^^^^^^^^^^
  File "C:\Users\Voice\visitor_manager\venv\Lib\site-packages\django\template\base.py", line 163, in _render
    return self.nodelist.render(context)
           ^^^^^^^^^^^^^^^^^^^^^^^^^^^^^
  File "C:\Users\Voice\visitor_manager\venv\Lib\site-packages\django\template\base.py", line 1008, in render
    return SafeString("".join([node.render_annotated(context) for node in self]))
                              ^^^^^^^^^^^^^^^^^^^^^^^^^^^^^^^^^^^^^^^^^^^^^^^^^
  File "C:\Users\Voice\visitor_manager\venv\Lib\site-packages\django\template\base.py", line 1008, in <listcomp>
    return SafeString("".join([node.render_annotated(context) for node in self]))
                               ^^^^^^^^^^^^^^^^^^^^^^^^^^^^^^
  File "C:\Users\Voice\visitor_manager\venv\Lib\site-packages\django\template\base.py", line 969, in render_annotated
    return self.render(context)
           ^^^^^^^^^^^^^^^^^^^^
  File "C:\Users\Voice\visitor_manager\venv\Lib\site-packages\django\template\loader_tags.py", line 65, in render
    result = block.nodelist.render(context)
             ^^^^^^^^^^^^^^^^^^^^^^^^^^^^^^
  File "C:\Users\Voice\visitor_manager\venv\Lib\site-packages\django\template\base.py", line 1008, in render
    return SafeString("".join([node.render_annotated(context) for node in self]))
                              ^^^^^^^^^^^^^^^^^^^^^^^^^^^^^^^^^^^^^^^^^^^^^^^^^
  File "C:\Users\Voice\visitor_manager\venv\Lib\site-packages\django\template\base.py", line 1008, in <listcomp>
    return SafeString("".join([node.render_annotated(context) for node in self]))
                               ^^^^^^^^^^^^^^^^^^^^^^^^^^^^^^
  File "C:\Users\Voice\visitor_manager\venv\Lib\site-packages\django\template\base.py", line 969, in render_annotated
    return self.render(context)
           ^^^^^^^^^^^^^^^^^^^^
  File "C:\Users\Voice\visitor_manager\venv\Lib\site-packages\django\template\defaulttags.py", line 480, in render
    url = reverse(view_name, args=args, kwargs=kwargs, current_app=current_app)
          ^^^^^^^^^^^^^^^^^^^^^^^^^^^^^^^^^^^^^^^^^^^^^^^^^^^^^^^^^^^^^^^^^^^^^
  File "C:\Users\Voice\visitor_manager\venv\Lib\site-packages\django\urls\base.py", line 88, in reverse
    return resolver._reverse_with_prefix(view, prefix, *args, **kwargs)
           ^^^^^^^^^^^^^^^^^^^^^^^^^^^^^^^^^^^^^^^^^^^^^^^^^^^^^^^^^^^^
  File "C:\Users\Voice\visitor_manager\venv\Lib\site-packages\django\urls\resolvers.py", line 831, in _reverse_with_prefix
    raise NoReverseMatch(msg)
django.urls.exceptions.NoReverseMatch: Reverse for 'password_reset' not found. 'password_reset' is not a valid view function or pattern name.
ERROR 2025-03-04 14:25:07,057 log Internal Server Error: /accounts/login/
Traceback (most recent call last):
  File "C:\Users\Voice\visitor_manager\venv\Lib\site-packages\django\core\handlers\exception.py", line 55, in inner
    response = get_response(request)
               ^^^^^^^^^^^^^^^^^^^^^
  File "C:\Users\Voice\visitor_manager\venv\Lib\site-packages\django\core\handlers\base.py", line 220, in _get_response
    response = response.render()
               ^^^^^^^^^^^^^^^^^
  File "C:\Users\Voice\visitor_manager\venv\Lib\site-packages\django\template\response.py", line 114, in render
    self.content = self.rendered_content
                   ^^^^^^^^^^^^^^^^^^^^^
  File "C:\Users\Voice\visitor_manager\venv\Lib\site-packages\django\template\response.py", line 92, in rendered_content
    return template.render(context, self._request)
           ^^^^^^^^^^^^^^^^^^^^^^^^^^^^^^^^^^^^^^^
  File "C:\Users\Voice\visitor_manager\venv\Lib\site-packages\django\template\backends\django.py", line 107, in render
    return self.template.render(context)
           ^^^^^^^^^^^^^^^^^^^^^^^^^^^^^
  File "C:\Users\Voice\visitor_manager\venv\Lib\site-packages\django\template\base.py", line 171, in render
    return self._render(context)
           ^^^^^^^^^^^^^^^^^^^^^
  File "C:\Users\Voice\visitor_manager\venv\Lib\site-packages\django\template\base.py", line 163, in _render
    return self.nodelist.render(context)
           ^^^^^^^^^^^^^^^^^^^^^^^^^^^^^
  File "C:\Users\Voice\visitor_manager\venv\Lib\site-packages\django\template\base.py", line 1008, in render
    return SafeString("".join([node.render_annotated(context) for node in self]))
                              ^^^^^^^^^^^^^^^^^^^^^^^^^^^^^^^^^^^^^^^^^^^^^^^^^
  File "C:\Users\Voice\visitor_manager\venv\Lib\site-packages\django\template\base.py", line 1008, in <listcomp>
    return SafeString("".join([node.render_annotated(context) for node in self]))
                               ^^^^^^^^^^^^^^^^^^^^^^^^^^^^^^
  File "C:\Users\Voice\visitor_manager\venv\Lib\site-packages\django\template\base.py", line 969, in render_annotated
    return self.render(context)
           ^^^^^^^^^^^^^^^^^^^^
  File "C:\Users\Voice\visitor_manager\venv\Lib\site-packages\django\template\loader_tags.py", line 159, in render
    return compiled_parent._render(context)
           ^^^^^^^^^^^^^^^^^^^^^^^^^^^^^^^^
  File "C:\Users\Voice\visitor_manager\venv\Lib\site-packages\django\template\base.py", line 163, in _render
    return self.nodelist.render(context)
           ^^^^^^^^^^^^^^^^^^^^^^^^^^^^^
  File "C:\Users\Voice\visitor_manager\venv\Lib\site-packages\django\template\base.py", line 1008, in render
    return SafeString("".join([node.render_annotated(context) for node in self]))
                              ^^^^^^^^^^^^^^^^^^^^^^^^^^^^^^^^^^^^^^^^^^^^^^^^^
  File "C:\Users\Voice\visitor_manager\venv\Lib\site-packages\django\template\base.py", line 1008, in <listcomp>
    return SafeString("".join([node.render_annotated(context) for node in self]))
                               ^^^^^^^^^^^^^^^^^^^^^^^^^^^^^^
  File "C:\Users\Voice\visitor_manager\venv\Lib\site-packages\django\template\base.py", line 969, in render_annotated
    return self.render(context)
           ^^^^^^^^^^^^^^^^^^^^
  File "C:\Users\Voice\visitor_manager\venv\Lib\site-packages\django\template\loader_tags.py", line 65, in render
    result = block.nodelist.render(context)
             ^^^^^^^^^^^^^^^^^^^^^^^^^^^^^^
  File "C:\Users\Voice\visitor_manager\venv\Lib\site-packages\django\template\base.py", line 1008, in render
    return SafeString("".join([node.render_annotated(context) for node in self]))
                              ^^^^^^^^^^^^^^^^^^^^^^^^^^^^^^^^^^^^^^^^^^^^^^^^^
  File "C:\Users\Voice\visitor_manager\venv\Lib\site-packages\django\template\base.py", line 1008, in <listcomp>
    return SafeString("".join([node.render_annotated(context) for node in self]))
                               ^^^^^^^^^^^^^^^^^^^^^^^^^^^^^^
  File "C:\Users\Voice\visitor_manager\venv\Lib\site-packages\django\template\base.py", line 969, in render_annotated
    return self.render(context)
           ^^^^^^^^^^^^^^^^^^^^
  File "C:\Users\Voice\visitor_manager\venv\Lib\site-packages\django\template\defaulttags.py", line 480, in render
    url = reverse(view_name, args=args, kwargs=kwargs, current_app=current_app)
          ^^^^^^^^^^^^^^^^^^^^^^^^^^^^^^^^^^^^^^^^^^^^^^^^^^^^^^^^^^^^^^^^^^^^^
  File "C:\Users\Voice\visitor_manager\venv\Lib\site-packages\django\urls\base.py", line 88, in reverse
    return resolver._reverse_with_prefix(view, prefix, *args, **kwargs)
           ^^^^^^^^^^^^^^^^^^^^^^^^^^^^^^^^^^^^^^^^^^^^^^^^^^^^^^^^^^^^
  File "C:\Users\Voice\visitor_manager\venv\Lib\site-packages\django\urls\resolvers.py", line 831, in _reverse_with_prefix
    raise NoReverseMatch(msg)
django.urls.exceptions.NoReverseMatch: Reverse for 'password_reset' not found. 'password_reset' is not a valid view function or pattern name.
INFO 2025-03-04 14:28:01,163 autoreload C:\Users\Voice\visitor_manager\visitor_manager\urls.py changed, reloading.
INFO 2025-03-04 14:28:01,861 autoreload Watching for file changes with StatReloader
INFO 2025-03-04 14:28:02,430 views Firebase Admin SDK initialized successfully.
INFO 2025-03-04 14:29:07,880 autoreload Watching for file changes with StatReloader
INFO 2025-03-04 14:29:08,416 views Firebase Admin SDK initialized successfully.
INFO 2025-03-04 14:35:31,425 autoreload Watching for file changes with StatReloader
INFO 2025-03-04 14:35:31,936 views Firebase Admin SDK initialized successfully.
INFO 2025-03-04 14:36:47,797 views Firebase Admin SDK initialized successfully.
INFO 2025-03-04 14:36:54,812 views Firebase Admin SDK initialized successfully.
INFO 2025-03-04 14:37:30,898 views Firebase Admin SDK initialized successfully.
INFO 2025-03-04 14:37:36,760 views Firebase Admin SDK initialized successfully.
INFO 2025-03-04 14:39:15,363 autoreload Watching for file changes with StatReloader
INFO 2025-03-04 14:39:15,870 views Firebase Admin SDK initialized successfully.
INFO 2025-03-04 14:39:30,879 autoreload Watching for file changes with StatReloader
INFO 2025-03-04 14:39:31,437 views Firebase Admin SDK initialized successfully.
WARNING 2025-03-04 14:44:55,914 log Forbidden (CSRF token from POST incorrect.): /admin/logout/
WARNING 2025-03-04 14:45:01,985 log Forbidden (CSRF token from POST incorrect.): /admin/logout/
INFO 2025-03-04 15:08:57,259 views Visitor Yury Achile saved to the database.
INFO 2025-03-04 15:08:57,815 utils ✅ Notification email sent to visit@sarasotagospeltemple.com
INFO 2025-03-04 15:08:58,344 utils ✅ Visitor +19415924992 added to Clearstream!
INFO 2025-03-04 15:08:58,810 utils ✅ Follow-up SMS sent to +19415924992 and is now queued!
INFO 2025-03-04 15:15:05,779 autoreload C:\Users\Voice\visitor_manager\visitor_manager\settings.py changed, reloading.
INFO 2025-03-04 15:15:06,590 autoreload Watching for file changes with StatReloader
INFO 2025-03-04 15:15:07,163 views Firebase Admin SDK initialized successfully.
